\BOOKMARK [0][-]{chapter*.1}{Abstract}{}% 1
\BOOKMARK [0][-]{chapter*.3}{Acknowledgements}{}% 2
\BOOKMARK [0][-]{chapter*.4}{Contents}{}% 3
\BOOKMARK [0][-]{chapter*.5}{List\040of\040Tables}{}% 4
\BOOKMARK [0][-]{chapter*.6}{List\040of\040Figures}{}% 5
\BOOKMARK [0][-]{chapter*.7}{List\040of\040Listings}{}% 6
\BOOKMARK [0][-]{chapter*.8}{List\040of\040Algorithms}{}% 7
\BOOKMARK [0][-]{chapter.1}{1.\040Introduction}{}% 8
\BOOKMARK [0][-]{chapter.2}{2.\040Preliminaries}{}% 9
\BOOKMARK [1][-]{section.2.1}{2.1\040The\040Erlang\040Language}{chapter.2}% 10
\BOOKMARK [2][-]{subsection.2.1.1}{2.1.1\040Concurrent\040Erlang}{section.2.1}% 11
\BOOKMARK [2][-]{subsection.2.1.2}{2.1.2\040Distributed\040Erlang}{section.2.1}% 12
\BOOKMARK [1][-]{section.2.2}{2.2\040Testing\040Concurrent\040Programs}{chapter.2}% 13
\BOOKMARK [1][-]{section.2.3}{2.3\040Framework}{chapter.2}% 14
\BOOKMARK [2][-]{subsection.2.3.1}{2.3.1\040Abstraction\040Model}{section.2.3}% 15
\BOOKMARK [2][-]{subsection.2.3.2}{2.3.2\040Event\040Dependencies}{section.2.3}% 16
\BOOKMARK [2][-]{subsection.2.3.3}{2.3.3\040Independence\040and\040Races}{section.2.3}% 17
\BOOKMARK [1][-]{section.2.4}{2.4\040Concuerror\040Overview}{chapter.2}% 18
\BOOKMARK [2][-]{subsection.2.4.1}{2.4.1\040Instrumenter}{section.2.4}% 19
\BOOKMARK [2][-]{subsection.2.4.2}{2.4.2\040Scheduler}{section.2.4}% 20
\BOOKMARK [2][-]{subsection.2.4.3}{2.4.3\040Logger}{section.2.4}% 21
\BOOKMARK [0][-]{chapter.3}{3.\040Dynamic\040Partial\040Order\040Reduction}{}% 22
\BOOKMARK [1][-]{section.3.1}{3.1\040Basic\040DPOR\040Concepts}{chapter.3}% 23
\BOOKMARK [1][-]{section.3.2}{3.2\040Source\040Sets}{chapter.3}% 24
\BOOKMARK [1][-]{section.3.3}{3.3\040Source-DPOR}{chapter.3}% 25
\BOOKMARK [1][-]{section.3.4}{3.4\040Wakeup\040Trees}{chapter.3}% 26
\BOOKMARK [2][-]{subsection.3.4.1}{3.4.1\040Operations\040on\040Wakeup\040Trees}{section.3.4}% 27
\BOOKMARK [1][-]{section.3.5}{3.5\040Optimal-DPOR}{chapter.3}% 28
\BOOKMARK [0][-]{chapter.4}{4.\040Parallelizing\040Source-DPOR\040Algorithm}{}% 29
\BOOKMARK [1][-]{section.4.1}{4.1\040Existing\040Work}{chapter.4}% 30
\BOOKMARK [1][-]{section.4.2}{4.2\040Parallel\040source-DPOR}{chapter.4}% 31
\BOOKMARK [2][-]{subsection.4.2.1}{4.2.1\040Algorithm\040Presentation}{section.4.2}% 32
\BOOKMARK [2][-]{subsection.4.2.2}{4.2.2\040Load\040Balancing}{section.4.2}% 33
\BOOKMARK [2][-]{subsection.4.2.3}{4.2.3\040A\040Simple\040Example}{section.4.2}% 34
\BOOKMARK [0][-]{chapter.5}{5.\040Parallelizing\040Optimal-DPOR\040Algorithm}{}% 35
\BOOKMARK [1][-]{section.5.1}{5.1\040Parallel\040optimal-DPOR}{chapter.5}% 36
\BOOKMARK [2][-]{subsection.5.1.1}{5.1.1\040Basic\040Idea}{section.5.1}% 37
\BOOKMARK [1][-]{section.5.2}{5.2\040Parallel\040optimal-DPOR}{chapter.5}% 38
\BOOKMARK [2][-]{subsection.5.2.1}{5.2.1\040Basic\040Idea}{section.5.2}% 39
\BOOKMARK [2][-]{subsection.5.2.2}{5.2.2\040Algorithm\040Presentation}{section.5.2}% 40
\BOOKMARK [2][-]{subsection.5.2.3}{5.2.3\040Example}{section.5.2}% 41
\BOOKMARK [0][-]{chapter.6}{6.\040Implementation\040Details}{}% 42
\BOOKMARK [1][-]{section.6.1}{6.1\040Dealing\040with\040Processes}{chapter.6}% 43
\BOOKMARK [1][-]{section.6.2}{6.2\040Execution\040Sequence\040Replay}{chapter.6}% 44
\BOOKMARK [1][-]{section.6.3}{6.3\040Logger\040Modifications}{chapter.6}% 45
\BOOKMARK [0][-]{chapter.7}{7.\040Performance\040Evaluation}{}% 46
\BOOKMARK [1][-]{section.7.1}{7.1\040Tests\040Overview}{chapter.7}% 47
\BOOKMARK [1][-]{section.7.2}{7.2\040Source\040DPOR}{chapter.7}% 48
\BOOKMARK [2][-]{subsection.7.2.1}{7.2.1\040Preformance\040Results}{section.7.2}% 49
\BOOKMARK [2][-]{subsection.7.2.2}{7.2.2\040Performance\040Analysis}{section.7.2}% 50
\BOOKMARK [1][-]{section.7.3}{7.3\040Optimal\040DPOR}{chapter.7}% 51
\BOOKMARK [2][-]{subsection.7.3.1}{7.3.1\040Preformance\040Results}{section.7.3}% 52
\BOOKMARK [2][-]{subsection.7.3.2}{7.3.2\040Performance\040Analysis}{section.7.3}% 53
\BOOKMARK [1][-]{section.7.4}{7.4\040Final\040Comments}{chapter.7}% 54
\BOOKMARK [0][-]{chapter*.33}{Bibliography}{}% 55
