\BOOKMARK [0][-]{chapter*.1}{Περίληψη}{}% 1
\BOOKMARK [0][-]{chapter*.3}{Abstract}{}% 2
\BOOKMARK [0][-]{chapter*.5}{Acknowledgements}{}% 3
\BOOKMARK [0][-]{chapter*.6}{Περιεχόμενα}{}% 4
\BOOKMARK [0][-]{chapter*.7}{Κατάλογος πινάκων}{}% 5
\BOOKMARK [0][-]{chapter*.8}{Κατάλογος σχημάτων}{}% 6
\BOOKMARK [0][-]{chapter*.9}{Κώδικες}{}% 7
\BOOKMARK [0][-]{chapter*.10}{List\040of\040Algorithms}{}% 8
\BOOKMARK [0][-]{chapter.1}{1.\040Introduction}{}% 9
\BOOKMARK [1][-]{section.1.1}{1.1\040Aim\040of\040this\040Thesis}{chapter.1}% 10
\BOOKMARK [1][-]{section.1.2}{1.2\040Overview}{chapter.1}% 11
\BOOKMARK [0][-]{chapter.2}{2.\040Preliminaries}{}% 12
\BOOKMARK [1][-]{section.2.1}{2.1\040The\040Erlang\040Language}{chapter.2}% 13
\BOOKMARK [2][-]{subsection.2.1.1}{2.1.1\040Concurrent\040Erlang}{section.2.1}% 14
\BOOKMARK [2][-]{subsection.2.1.2}{2.1.2\040Distributed\040Erlang}{section.2.1}% 15
\BOOKMARK [1][-]{section.2.2}{2.2\040Testing\040Concurrent\040Programs}{chapter.2}% 16
\BOOKMARK [1][-]{section.2.3}{2.3\040Framework}{chapter.2}% 17
\BOOKMARK [2][-]{subsection.2.3.1}{2.3.1\040Abstraction\040Model}{section.2.3}% 18
\BOOKMARK [2][-]{subsection.2.3.2}{2.3.2\040Event\040Dependencies}{section.2.3}% 19
\BOOKMARK [2][-]{subsection.2.3.3}{2.3.3\040Independence\040and\040Races}{section.2.3}% 20
\BOOKMARK [1][-]{section.2.4}{2.4\040Concuerror\040Overview}{chapter.2}% 21
\BOOKMARK [2][-]{subsection.2.4.1}{2.4.1\040Instrumenter}{section.2.4}% 22
\BOOKMARK [2][-]{subsection.2.4.2}{2.4.2\040Scheduler}{section.2.4}% 23
\BOOKMARK [2][-]{subsection.2.4.3}{2.4.3\040Logger}{section.2.4}% 24
\BOOKMARK [0][-]{chapter.3}{3.\040Dynamic\040Partial\040Order\040Reduction}{}% 25
\BOOKMARK [1][-]{section.3.1}{3.1\040Basic\040DPOR\040Concepts}{chapter.3}% 26
\BOOKMARK [1][-]{section.3.2}{3.2\040Source\040Sets}{chapter.3}% 27
\BOOKMARK [1][-]{section.3.3}{3.3\040Source-DPOR}{chapter.3}% 28
\BOOKMARK [1][-]{section.3.4}{3.4\040Wakeup\040Trees}{chapter.3}% 29
\BOOKMARK [2][-]{subsection.3.4.1}{3.4.1\040Operations\040on\040Wakeup\040Trees}{section.3.4}% 30
\BOOKMARK [1][-]{section.3.5}{3.5\040Optimal-DPOR}{chapter.3}% 31
\BOOKMARK [0][-]{chapter.4}{4.\040Parallelizing\040source-DPOR\040Algorithm}{}% 32
\BOOKMARK [1][-]{section.4.1}{4.1\040Existing\040Work}{chapter.4}% 33
\BOOKMARK [1][-]{section.4.2}{4.2\040Parallel\040source-DPOR}{chapter.4}% 34
\BOOKMARK [2][-]{subsection.4.2.1}{4.2.1\040Basic\040Idea}{section.4.2}% 35
\BOOKMARK [2][-]{subsection.4.2.2}{4.2.2\040Algorithm}{section.4.2}% 36
\BOOKMARK [2][-]{subsection.4.2.3}{4.2.3\040Load\040Balancing}{section.4.2}% 37
\BOOKMARK [2][-]{subsection.4.2.4}{4.2.4\040A\040Simple\040Example}{section.4.2}% 38
\BOOKMARK [0][-]{chapter.5}{5.\040Parallelizing\040optimal-DPOR\040Algorithm}{}% 39
\BOOKMARK [1][-]{section.5.1}{5.1\040Parallel\040optimal-DPOR\040-\040A\040First\040Attempt}{chapter.5}% 40
\BOOKMARK [2][-]{subsection.5.1.1}{5.1.1\040Basic\040Idea}{section.5.1}% 41
\BOOKMARK [2][-]{subsection.5.1.2}{5.1.2\040Algorithm}{section.5.1}% 42
\BOOKMARK [2][-]{subsection.5.1.3}{5.1.3\040Example}{section.5.1}% 43
\BOOKMARK [2][-]{subsection.5.1.4}{5.1.4\040Performance\040Evaluation}{section.5.1}% 44
\BOOKMARK [2][-]{subsection.5.1.5}{5.1.5\040Performance\040Analysis}{section.5.1}% 45
\BOOKMARK [1][-]{section.5.2}{5.2\040Scalable\040Parallel\040optimal-DPOR}{chapter.5}% 46
\BOOKMARK [2][-]{subsection.5.2.1}{5.2.1\040Basic\040Idea}{section.5.2}% 47
\BOOKMARK [2][-]{subsection.5.2.2}{5.2.2\040Algorithm}{section.5.2}% 48
\BOOKMARK [0][-]{chapter.6}{6.\040Implementation\040Details}{}% 49
\BOOKMARK [1][-]{section.6.1}{6.1\040Dealing\040with\040Processes}{chapter.6}% 50
\BOOKMARK [1][-]{section.6.2}{6.2\040Execution\040Sequence\040Replay}{chapter.6}% 51
\BOOKMARK [0][-]{chapter.7}{7.\040Performance\040Evaluation}{}% 52
\BOOKMARK [1][-]{section.7.1}{7.1\040Tests\040Overview}{chapter.7}% 53
\BOOKMARK [1][-]{section.7.2}{7.2\040Performance\040Results}{chapter.7}% 54
\BOOKMARK [1][-]{section.7.3}{7.3\040Performance\040Analysis}{chapter.7}% 55
\BOOKMARK [1][-]{section.7.4}{7.4\040Final\040Comments}{chapter.7}% 56
\BOOKMARK [0][-]{chapter.8}{8.\040Concluding\040Remarks}{}% 57
\BOOKMARK [0][-]{chapter*.40}{Βιβλιογραφία}{}% 58
