 === TSOTraceBuilder reset ===
TSOTraceBuilder (debug print):
  (<0>,1-6)                BC:{0}
  (<0>,7)                  BC:{0}
  (<0>,8)                  BC:{0}
  (<0>,9-13)               BC:{0}
      (<0.0>,1-2)          BC:{0} branch: <0.1>(0) 
          (<0.1>,1-2)      BC:{0}
          (<0.1>,3)        BC:{0}
          (<0.1>,4)        BC:{0}
          (<0.1>,5-6)      BC:{0}
              (<0.2>,1-2)  BC:{0}
              (<0.2>,3)    BC:{0}
              (<0.2>,4)    BC:{0}
              (<0.2>,5-6)  BC:{0}
 =============================
 === TSOTraceBuilder reset ===
TSOTraceBuilder (debug print):
  (<0>,1-6)               BC:{0} 
  (<0>,7)                 BC:{0} 
  (<0>,8)                 BC:{0} 
  (<0>,9-13)              BC:{0} 
          (<0.1>,1-2)     BC:{0} 
          (<0.1>,3)       BC:{0} 
          (<0.1>,4)       BC:{0} 
      (<0.0>,1-2)         BC:{1} branch: <0.2>(0) 
          (<0.1>,5-6)     BC:{1}
              (<0.2>,1-2) BC:{1}
              (<0.2>,3)   BC:{1}
              (<0.2>,4)   BC:{1}
              (<0.2>,5-6) BC:{1}
 =============================
 === TSOTraceBuilder reset ===
TSOTraceBuilder (debug print):
  (<0>,1-6)               BC:{0} 
  (<0>,7)                 BC:{0} 
  (<0>,8)                 BC:{0}
  (<0>,9-13)              BC:{0}
          (<0.1>,1-2)     BC:{0} 
          (<0.1>,3)       BC:{0} 
          (<0.1>,4)       BC:{0} branch: <0.2>(0) 
              (<0.2>,1)   BC:{1} 
          (<0.1>,5-6)     BC:{2} 
              (<0.2>,2)   BC:{2} 
              (<0.2>,3)   BC:{2} 
              (<0.2>,4)   BC:{2} 
      (<0.0>,1-2)         BC:{3}
              (<0.2>,5-6) BC:{3}
 =============================