TSOTraceBuilder (debug print):
  (<0>,1-6)               [1]                    SLP:{}
  (<0>,7)                 [7]                    SLP:{}
  (<0>,8)                 [8]                    SLP:{}
  (<0>,9-13)              [9]                    SLP:{}
      (<0.0>,1-2)         [10, 0, 1]             SLP:{} branch: <0.1>(0) 
          (<0.1>,1-2)     [11, 0, 0, 0, 1]       SLP:{}
          (<0.1>,3)       [11, 0, 0, 0, 3]       SLP:{}
          (<0.1>,4)       [11, 0, 1, 0, 4]       SLP:{}
          (<0.1>,5-6)     [11, 0, 1, 0, 5]       SLP:{}
              (<0.2>,1-2) [12, 0, 0, 0, 0, 0, 1] SLP:{}
              (<0.2>,3)   [12, 0, 0, 0, 0, 0, 3] SLP:{}
              (<0.2>,4)   [12, 0, 1, 0, 0, 0, 4] SLP:{}
              (<0.2>,5-6) [12, 0, 1, 0, 0, 0, 5] SLP:{}
 =============================
 === TSOTraceBuilder reset ===
TSOTraceBuilder (debug print):
  (<0>,1-6)               [1]                    SLP:{}
  (<0>,7)                 [7]                    SLP:{}
  (<0>,8)                 [8]                    SLP:{}
  (<0>,9-13)              [9]                    SLP:{}
          (<0.1>,1-2)     [11, 0, 0, 0, 1]       SLP:{<0.0>}
          (<0.1>,3)       [11, 0, 0, 0, 3]       SLP:{<0.0>}
          (<0.1>,4)       [11, 0, 0, 0, 4]       SLP:{<0.0>}
      (<0.0>,1-2)         [11, 0, 1, 0, 4]       SLP:{} branch: <0.2>(0) 
          (<0.1>,5-6)     [11, 0, 0, 0, 5]       SLP:{}
              (<0.2>,1-2) [12, 0, 0, 0, 0, 0, 1] SLP:{}
              (<0.2>,3)   [12, 0, 0, 0, 0, 0, 3] SLP:{}
              (<0.2>,4)   [12, 0, 1, 0, 4, 0, 4] SLP:{}
              (<0.2>,5-6) [12, 0, 1, 0, 4, 0, 5] SLP:{}
 =============================
 === TSOTraceBuilder reset ===
TSOTraceBuilder (debug print):
  (<0>,1-6)               [1]                    SLP:{}
  (<0>,7)                 [7]                    SLP:{}
  (<0>,8)                 [8]                    SLP:{}
  (<0>,9-13)              [9]                    SLP:{}
          (<0.1>,1-2)     [11, 0, 0, 0, 1]       SLP:{<0.0>}
          (<0.1>,3)       [11, 0, 0, 0, 3]       SLP:{<0.0>}
          (<0.1>,4)       [11, 0, 0, 0, 4]       SLP:{<0.0>} branch: <0.2>(0) 
              (<0.2>,1)   [12, 0, 0, 0, 0, 0, 1] SLP:{<0.0>}
          (<0.1>,5-6)     [11, 0, 0, 0, 5]       SLP:{<0.0>}
              (<0.2>,2)   [12, 0, 0, 0, 0, 0, 2] SLP:{<0.0>}
              (<0.2>,3)   [12, 0, 0, 0, 0, 0, 3] SLP:{<0.0>}
              (<0.2>,4)   [12, 0, 0, 0, 0, 0, 4] SLP:{<0.0>}
      (<0.0>,1-2)         [12, 0, 1, 0, 4, 0, 4] SLP:{}
              (<0.2>,5-6) [12, 0, 0, 0, 0, 0, 5] SLP:{}
 =============================
 === TSOTraceBuilder reset ===
TSOTraceBuilder (debug print):
  (<0>,1-6)               [1]                    SLP:{}
  (<0>,7)                 [7]                    SLP:{}
  (<0>,8)                 [8]                    SLP:{}
  (<0>,9-13)              [9]                    SLP:{}
          (<0.1>,1-2)     [11, 0, 0, 0, 1]       SLP:{<0.0>}
          (<0.1>,3)       [11, 0, 0, 0, 3]       SLP:{<0.0>}
              (<0.2>,1-2) [12, 0, 0, 0, 0, 0, 1] SLP:{<0.0>, <0.1>}
              (<0.2>,3)   [12, 0, 0, 0, 0, 0, 3] SLP:{<0.0>, <0.1>}
              (<0.2>,4)   [12, 0, 0, 0, 0, 0, 4] SLP:{<0.0>, <0.1>}
      (<0.0>,1-2)         [12, 0, 1, 0, 0, 0, 4] SLP:{<0.1>}
          (<0.1>,4)       [12, 0, 1, 0, 4, 0, 4] SLP:{}
          (<0.1>,5-6)     [12, 0, 1, 0, 5, 0, 4] SLP:{}
              (<0.2>,5-6) [12, 0, 0, 0, 0, 0, 5] SLP:{}
 =============================
